#
# There is insufficient memory for the Java Runtime Environment to continue.
# Native memory allocation (mmap) failed to map 134217728 bytes for G1 virtual space
# Possible reasons:
#   The system is out of physical RAM or swap space
#   The process is running with CompressedOops enabled, and the Java Heap may be blocking the growth of the native heap
# Possible solutions:
#   Reduce memory load on the system
#   Increase physical memory or swap space
#   Check if swap backing store is full
#   Decrease Java heap size (-Xmx/-Xms)
#   Decrease number of Java threads
#   Decrease Java thread stack sizes (-Xss)
#   Set larger code cache with -XX:ReservedCodeCacheSize=
#   JVM is running with Unscaled Compressed Oops mode in which the Java heap is
#     placed in the first 4GB address space. The Java Heap base address is the
#     maximum limit for the native heap growth. Please use -XX:HeapBaseMinAddress
#     to set the Java Heap base and to place the Java Heap above 4GB virtual address.
# This output file may be truncated or incomplete.
#
#  Out of Memory Error (os_windows.cpp:3469), pid=25856, tid=25920
#
# JRE version:  (17.0.1+12) (build )
# Java VM: OpenJDK 64-Bit Server VM (17.0.1+12, mixed mode, sharing, tiered, compressed oops, compressed class ptrs, g1 gc, windows-amd64)
# No core dump will be written. Minidumps are not enabled by default on client versions of Windows
#

---------------  S U M M A R Y ------------

Command Line: -XX:+ShowCodeDetailsInExceptionMessages -agentlib:jdwp=transport=dt_socket,suspend=y,address=localhost:56011 -javaagent:C:\Users\desenvolvimento\eclipse\jee-2021-12\eclipse\configuration\org.eclipse.osgi\421\0\.cp\lib\javaagent-shaded.jar -Dfile.encoding=Cp1252 exercicios.ExLaço1

Host: Intel(R) Core(TM) i5-4590 CPU @ 3.30GHz, 4 cores, 7G,  Windows 10 , 64 bit Build 19041 (10.0.19041.1202)
Time: Fri Feb  4 10:08:16 2022 Hora oficial do Brasil elapsed time: 0.011900 seconds (0d 0h 0m 0s)

---------------  T H R E A D  ---------------

Current thread (0x0000016868ddc820):  JavaThread "Unknown thread" [_thread_in_vm, id=25920, stack(0x0000006546d00000,0x0000006546e00000)]

Stack: [0x0000006546d00000,0x0000006546e00000]
Native frames: (J=compiled Java code, j=interpreted, Vv=VM code, C=native code)
V  [jvm.dll+0x6744da]
V  [jvm.dll+0x82e144]
V  [jvm.dll+0x82f8ee]
V  [jvm.dll+0x82ff53]
V  [jvm.dll+0x245175]
V  [jvm.dll+0x6714c9]
V  [jvm.dll+0x665f92]
V  [jvm.dll+0x303c3b]
V  [jvm.dll+0x30b176]
V  [jvm.dll+0x35af1e]
V  [jvm.dll+0x35b14f]
V  [jvm.dll+0x2dab78]
V  [jvm.dll+0x2dbae4]
V  [jvm.dll+0x7ffdf1]
V  [jvm.dll+0x368c91]
V  [jvm.dll+0x7df2cc]
V  [jvm.dll+0x3eb59f]
V  [jvm.dll+0x3ed121]
C  [jli.dll+0x5277]
C  [ucrtbase.dll+0x21bb2]
C  [KERNEL32.DLL+0x17034]
C  [ntdll.dll+0x52651]


---------------  P R O C E S S  ---------------

Threads class SMR info:
_java_thread_list=0x00007ffc29ca4e58, length=0, elements={
}

Java Threads: ( => current thread )

Other Threads:
  0x0000016868e19bf0 GCTaskThread "GC Thread#0" [stack: 0x0000000000000000,0x0000000000000000] [id=26464]
  0x0000016868e2a8b0 ConcurrentGCThread "G1 Main Marker" [stack: 0x0000006546f00000,0x0000006547000000] [id=19248]
  0x0000016868e2b2c0 ConcurrentGCThread "G1 Conc#0" [stack: 0x0000000000000000,0x0000000000000000] [id=26192]

[error occurred during error reporting (printing all threads), id 0xc0000005, EXCEPTION_ACCESS_VIOLATION (0xc0000005) at pc=0x00007ffc2947b5f7]

VM state: not at safepoint (not fully initialized)

VM Mutex/Monitor currently owned by a thread:  ([mutex/lock_event])
[0x0000016868dd52d0] Heap_lock - owner thread: 0x0000016868ddc820

Heap address: 0x0000000081400000, size: 2028 MB, Compressed Oops mode: 32-bit

CDS archive(s) mapped at: [0x0000000000000000-0x0000000000000000-0x0000000000000000), size 0, SharedBaseAddress: 0x0000000800000000, ArchiveRelocationMode: 0.
Narrow klass base: 0x0000000000000000, Narrow klass shift: 0, Narrow klass range: 0x0

GC Precious Log:
<Empty>

Heap:
 garbage-first heap   total 0K, used 0K [0x0000000081400000, 0x0000000100000000)
  region size 1024K, 0 young (0K), 0 survivors (0K)

[error occurred during error reporting (printing heap information), id 0xc0000005, EXCEPTION_ACCESS_VIOLATION (0xc0000005) at pc=0x00007ffc2985d729]

GC Heap History (0 events):
No events

Deoptimization events (0 events):
No events

Classes unloaded (0 events):
No events

Classes redefined (0 events):
No events

Internal exceptions (0 events):
No events

VM Operations (0 events):
No events

Events (1 events):
Event: 0.008 Loaded shared library C:\Users\desenvolvimento\.p2\pool\plugins\org.eclipse.justj.openjdk.hotspot.jre.full.win32.x86_64_17.0.1.v20211116-1657\jre\bin\java.dll


Dynamic libraries:
0x00007ff6591c0000 - 0x00007ff6591ce000 	C:\Users\desenvolvimento\.p2\pool\plugins\org.eclipse.justj.openjdk.hotspot.jre.full.win32.x86_64_17.0.1.v20211116-1657\jre\bin\javaw.exe
0x00007ffc80670000 - 0x00007ffc80865000 	C:\Windows\SYSTEM32\ntdll.dll
0x00007ffc7edb0000 - 0x00007ffc7ee6e000 	C:\Windows\System32\KERNEL32.DLL
0x00007ffc7def0000 - 0x00007ffc7e1b9000 	C:\Windows\System32\KERNELBASE.dll
0x00007ffc7b6e0000 - 0x00007ffc7b770000 	C:\Windows\SYSTEM32\apphelp.dll
0x00007ffc7e2d0000 - 0x00007ffc7e3d0000 	C:\Windows\System32\ucrtbase.dll
0x00007ffc7b7e0000 - 0x00007ffc7b7f8000 	C:\Users\desenvolvimento\.p2\pool\plugins\org.eclipse.justj.openjdk.hotspot.jre.full.win32.x86_64_17.0.1.v20211116-1657\jre\bin\jli.dll
0x00007ffc7ee70000 - 0x00007ffc7f011000 	C:\Windows\System32\USER32.dll
0x00007ffc7dec0000 - 0x00007ffc7dee2000 	C:\Windows\System32\win32u.dll
0x00007ffc7e6c0000 - 0x00007ffc7e6eb000 	C:\Windows\System32\GDI32.dll
0x00007ffc7e1c0000 - 0x00007ffc7e2cb000 	C:\Windows\System32\gdi32full.dll
0x00007ffc7de20000 - 0x00007ffc7debd000 	C:\Windows\System32\msvcp_win.dll
0x00007ffc76e00000 - 0x00007ffc76e19000 	C:\Users\desenvolvimento\.p2\pool\plugins\org.eclipse.justj.openjdk.hotspot.jre.full.win32.x86_64_17.0.1.v20211116-1657\jre\bin\VCRUNTIME140.dll
0x00007ffc77a10000 - 0x00007ffc77caa000 	C:\Windows\WinSxS\amd64_microsoft.windows.common-controls_6595b64144ccf1df_6.0.19041.1110_none_60b5254171f9507e\COMCTL32.dll
0x00007ffc7f6b0000 - 0x00007ffc7f74e000 	C:\Windows\System32\msvcrt.dll
0x00007ffc7ff60000 - 0x00007ffc7ff90000 	C:\Windows\System32\IMM32.DLL
0x00007ffc77d40000 - 0x00007ffc77d4c000 	C:\Users\desenvolvimento\.p2\pool\plugins\org.eclipse.justj.openjdk.hotspot.jre.full.win32.x86_64_17.0.1.v20211116-1657\jre\bin\vcruntime140_1.dll
0x00007ffc70740000 - 0x00007ffc707d1000 	C:\Users\desenvolvimento\.p2\pool\plugins\org.eclipse.justj.openjdk.hotspot.jre.full.win32.x86_64_17.0.1.v20211116-1657\jre\bin\msvcp140.dll
0x00007ffc29190000 - 0x00007ffc29dd6000 	C:\Users\desenvolvimento\.p2\pool\plugins\org.eclipse.justj.openjdk.hotspot.jre.full.win32.x86_64_17.0.1.v20211116-1657\jre\bin\server\jvm.dll
0x00007ffc7ed00000 - 0x00007ffc7edac000 	C:\Windows\System32\ADVAPI32.dll
0x00007ffc7f760000 - 0x00007ffc7f7fb000 	C:\Windows\System32\sechost.dll
0x00007ffc7e940000 - 0x00007ffc7ea6a000 	C:\Windows\System32\RPCRT4.dll
0x00007ffc803a0000 - 0x00007ffc803a8000 	C:\Windows\System32\PSAPI.DLL
0x00007ffc7b820000 - 0x00007ffc7b829000 	C:\Windows\SYSTEM32\WSOCK32.dll
0x00007ffc80430000 - 0x00007ffc8049b000 	C:\Windows\System32\WS2_32.dll
0x00007ffc75f40000 - 0x00007ffc75f67000 	C:\Windows\SYSTEM32\WINMM.dll
0x00007ffc74080000 - 0x00007ffc7408a000 	C:\Windows\SYSTEM32\VERSION.dll
0x00007ffc7b770000 - 0x00007ffc7b782000 	C:\Windows\SYSTEM32\kernel.appcore.dll
0x00007ffc7b810000 - 0x00007ffc7b81a000 	C:\Users\desenvolvimento\.p2\pool\plugins\org.eclipse.justj.openjdk.hotspot.jre.full.win32.x86_64_17.0.1.v20211116-1657\jre\bin\jimage.dll
0x00007ffc77db0000 - 0x00007ffc77f94000 	C:\Windows\SYSTEM32\DBGHELP.DLL
0x00007ffc77d80000 - 0x00007ffc77dac000 	C:\Windows\SYSTEM32\dbgcore.DLL
0x00007ffc7e3d0000 - 0x00007ffc7e453000 	C:\Windows\System32\bcryptPrimitives.dll
0x00007ffc764c0000 - 0x00007ffc764fb000 	C:\Users\desenvolvimento\.p2\pool\plugins\org.eclipse.justj.openjdk.hotspot.jre.full.win32.x86_64_17.0.1.v20211116-1657\jre\bin\jdwp.dll
0x00007ffc77cc0000 - 0x00007ffc77cce000 	C:\Users\desenvolvimento\.p2\pool\plugins\org.eclipse.justj.openjdk.hotspot.jre.full.win32.x86_64_17.0.1.v20211116-1657\jre\bin\instrument.dll
0x00007ffc76510000 - 0x00007ffc76535000 	C:\Users\desenvolvimento\.p2\pool\plugins\org.eclipse.justj.openjdk.hotspot.jre.full.win32.x86_64_17.0.1.v20211116-1657\jre\bin\java.dll

dbghelp: loaded successfully - version: 4.0.5 - missing functions: none
symbol engine: initialized successfully - sym options: 0x614 - pdb path: .;C:\Users\desenvolvimento\.p2\pool\plugins\org.eclipse.justj.openjdk.hotspot.jre.full.win32.x86_64_17.0.1.v20211116-1657\jre\bin;C:\Windows\SYSTEM32;C:\Windows\WinSxS\amd64_microsoft.windows.common-controls_6595b64144ccf1df_6.0.19041.1110_none_60b5254171f9507e;C:\Users\desenvolvimento\.p2\pool\plugins\org.eclipse.justj.openjdk.hotspot.jre.full.win32.x86_64_17.0.1.v20211116-1657\jre\bin\server

VM Arguments:
jvm_args: -XX:+ShowCodeDetailsInExceptionMessages -agentlib:jdwp=transport=dt_socket,suspend=y,address=localhost:56011 -javaagent:C:\Users\desenvolvimento\eclipse\jee-2021-12\eclipse\configuration\org.eclipse.osgi\421\0\.cp\lib\javaagent-shaded.jar -Dfile.encoding=Cp1252 
java_command: exercicios.ExLaço1
java_class_path (initial): D:\GuiM\FPOO\work_space\Laços\bin
Launcher Type: SUN_STANDARD

[Global flags]
     intx CICompilerCount                          = 3                                         {product} {ergonomic}
     uint ConcGCThreads                            = 1                                         {product} {ergonomic}
     uint G1ConcRefinementThreads                  = 4                                         {product} {ergonomic}
   size_t G1HeapRegionSize                         = 1048576                                   {product} {ergonomic}
    uintx GCDrainStackTargetSize                   = 64                                        {product} {ergonomic}
   size_t InitialHeapSize                          = 134217728                                 {product} {ergonomic}
   size_t MarkStackSize                            = 4194304                                   {product} {ergonomic}
   size_t MaxHeapSize                              = 2126512128                                {product} {ergonomic}
   size_t MinHeapDeltaBytes                        = 1048576                                   {product} {ergonomic}
   size_t MinHeapSize                              = 8388608                                   {product} {ergonomic}
    uintx NonNMethodCodeHeapSize                   = 5832780                                {pd product} {ergonomic}
    uintx NonProfiledCodeHeapSize                  = 122912730                              {pd product} {ergonomic}
    uintx ProfiledCodeHeapSize                     = 122912730                              {pd product} {ergonomic}
    uintx ReservedCodeCacheSize                    = 251658240                              {pd product} {ergonomic}
     bool SegmentedCodeCache                       = true                                      {product} {ergonomic}
     bool ShowCodeDetailsInExceptionMessages       = true                                   {manageable} {command line}
   size_t SoftMaxHeapSize                          = 2126512128                             {manageable} {ergonomic}
     bool UseCompressedClassPointers               = true                           {product lp64_product} {ergonomic}
     bool UseCompressedOops                        = true                           {product lp64_product} {ergonomic}
     bool UseG1GC                                  = true                                      {product} {ergonomic}
     bool UseLargePagesIndividualAllocation        = false                                  {pd product} {ergonomic}

Logging:
Log output configuration:
 #0: stdout all=warning uptime,level,tags
 #1: stderr all=off uptime,level,tags

Environment Variables:
PATH=C:\Users\desenvolvimento\.p2\pool\plugins\org.eclipse.justj.openjdk.hotspot.jre.full.win32.x86_64_17.0.1.v20211116-1657\jre\bin;C:/Users/desenvolvimento/.p2/pool/plugins/org.eclipse.justj.openjdk.hotspot.jre.full.win32.x86_64_17.0.1.v20211116-1657/jre/bin/server;C:/Users/desenvolvimento/.p2/pool/plugins/org.eclipse.justj.openjdk.hotspot.jre.full.win32.x86_64_17.0.1.v20211116-1657/jre/bin;C:\Windows\system32;C:\Windows;C:\Windows\System32\Wbem;C:\Windows\System32\WindowsPowerShell\v1.0\;C:\Windows\System32\OpenSSH\;C:\Users\desenvolvimento\AppData\Local\Microsoft\WindowsApps;;C:\Windows\system32;
USERNAME=desenvolvimento
OS=Windows_NT
PROCESSOR_IDENTIFIER=Intel64 Family 6 Model 60 Stepping 3, GenuineIntel



---------------  S Y S T E M  ---------------

OS:
 Windows 10 , 64 bit Build 19041 (10.0.19041.1202)
OS uptime: 4 days 2:34 hours

CPU: total 4 (initial active 4) (4 cores per cpu, 1 threads per core) family 6 model 60 stepping 3 microcode 0x27, cx8, cmov, fxsr, mmx, sse, sse2, sse3, ssse3, sse4.1, sse4.2, popcnt, lzcnt, tsc, tscinvbit, avx, avx2, aes, erms, clmul, bmi1, bmi2, fma, vzeroupper, clflush

Memory: 4k page, system-wide physical 8110M (638M free)
TotalPageFile size 32686M (AvailPageFile size 17M)
current process WorkingSet (physical memory assigned to process): 11M, peak: 11M
current process commit charge ("private bytes"): 51M, peak: 179M

vm_info: OpenJDK 64-Bit Server VM (17.0.1+12) for windows-amd64 JRE (17.0.1+12), built on Oct 20 2021 07:42:55 by "" with MS VC++ 16.7 (VS2019)

END.
