#
# A fatal error has been detected by the Java Runtime Environment:
#
#  EXCEPTION_STACK_OVERFLOW (0xc00000fd) at pc=0x00007ffc295161a6, pid=15636, tid=26352
#
# JRE version:  (17.0.1+12) (build )
# Java VM: OpenJDK 64-Bit Server VM (17.0.1+12, mixed mode, tiered, compressed oops, compressed class ptrs, g1 gc, windows-amd64)
# Problematic frame:
# V  [jvm.dll+0x3861a6]
#
# No core dump will be written. Minidumps are not enabled by default on client versions of Windows
#
#

---------------  S U M M A R Y ------------

Command Line: -XX:+ShowCodeDetailsInExceptionMessages -agentlib:jdwp=transport=dt_socket,suspend=y,address=localhost:56012 -javaagent:C:\Users\desenvolvimento\eclipse\jee-2021-12\eclipse\configuration\org.eclipse.osgi\421\0\.cp\lib\javaagent-shaded.jar -Dfile.encoding=Cp1252 exercicios.ExLaço1

Host: Intel(R) Core(TM) i5-4590 CPU @ 3.30GHz, 4 cores, 7G,  Windows 10 , 64 bit Build 19041 (10.0.19041.1202)
Time: Fri Feb  4 10:08:16 2022 Hora oficial do Brasil elapsed time: 0.099976 seconds (0d 0h 0m 0s)

---------------  T H R E A D  ---------------

Current thread (0x000001d430ea6fd0):  JavaThread "Finalizer" daemon [_thread_in_vm, id=26352, stack(0x0000008c84700000,0x0000008c84800000)]

Stack: [0x0000008c84700000,0x0000008c84800000],  sp=0x0000008c847ff720,  free space=1021k
Native frames: (J=compiled Java code, j=interpreted, Vv=VM code, C=native code)
V  [jvm.dll+0x3861a6]
V  [jvm.dll+0x674402]
V  [jvm.dll+0x386dfb]
V  [jvm.dll+0x387087]
V  [jvm.dll+0x40d071]
V  [jvm.dll+0x7e3f5b]
V  [jvm.dll+0x7de51a]
